INFO:sim:172 - Generating IP...
Resolving generics for 'Clock'...
Applying external generics to 'Clock'...
Delivering associated files for 'Clock'...
WARNING:sim - Component clk_wiz_v3_6 does not have a valid model name for VHDL
   synthesis
Delivering EJava files for 'Clock'...
Delivered 3 files into directory
C:/Users/IEUser/Developer/VHLD/brom-demo/ipcore_dir/Clock/tmp/_cg/Clock
Delivered 1 file into directory
C:/Users/IEUser/Developer/VHLD/brom-demo/ipcore_dir/Clock/tmp/_cg/Clock
Generating ASY schematic symbol...
Loading device for application Rf_Device from file '6slx16.nph' in environment
C:\Xilinx\14.7\ISE_DS\ISE\.
INFO:sim:949 - Finished generation of ASY schematic symbol.
Generating SYM schematic symbol for 'Clock'...
Generating ISE project...
XCO file found: Clock.xco
XMDF file found: Clock_xmdf.tcl
Adding
C:/Users/IEUser/Developer/VHLD/brom-demo/ipcore_dir/Clock/tmp/_cg/Clock.asy
-view all -origin_type imported
Adding
C:/Users/IEUser/Developer/VHLD/brom-demo/ipcore_dir/Clock/tmp/_cg/Clock.ucf
-view all -origin_type created
Adding
C:/Users/IEUser/Developer/VHLD/brom-demo/ipcore_dir/Clock/tmp/_cg/Clock.vhd
-view all -origin_type created
INFO:HDLCompiler:1061 - Parsing VHDL file
   "C:/Users/IEUser/Developer/VHLD/brom-demo/ipcore_dir/Clock/tmp/_cg/Clock.vhd"
   into library work
INFO:ProjectMgmt - Parsing design hierarchy completed successfully.
Adding
C:/Users/IEUser/Developer/VHLD/brom-demo/ipcore_dir/Clock/tmp/_cg/Clock.vho
-view all -origin_type imported
INFO:TclTasksC:2116 - The automatic calculation of top has been turned-off.
   Please set the new top explicitly by running the "project set top" command.
   To re-calculate the new top automatically, set the "Auto Implementation Top"
   property to true.
Top level has been set to "/Clock"
Generating README file...
Generating FLIST file...
INFO:sim:948 - Finished FLIST file generation.
Launching README viewer...
Moving files to output directory...
Finished moving files to output directory
Wrote CGP file for project 'Clock'.
